{"timestamp":"2025-08-06T11:31:55.061505","level":"info","event":"DAG bundles loaded: dags-folder, example_dags","logger":"airflow.dag_processing.bundles.manager.DagBundlesManager"}
{"timestamp":"2025-08-06T11:31:55.061722","level":"info","event":"Filling up the DagBag from /home/airflow/.local/lib/python3.12/site-packages/airflow/example_dags/standard/example_external_task_parent_deferrable.py","logger":"airflow.models.dagbag.DagBag"}
{"timestamp":"2025-08-06T11:31:55.081907Z","level":"info","event":"Task instance is in running state","chan":"stdout","logger":"task"}
{"timestamp":"2025-08-06T11:31:55.081996Z","level":"info","event":" Previous state of the Task instance: TaskInstanceState.QUEUED","chan":"stdout","logger":"task"}
{"timestamp":"2025-08-06T11:31:55.082040Z","level":"info","event":"Current task name:trigger_child_task","chan":"stdout","logger":"task"}
{"timestamp":"2025-08-06T11:31:55.082076Z","level":"info","event":"Dag name:example_external_task","chan":"stdout","logger":"task"}
{"timestamp":"2025-08-06T11:31:55.081991","level":"info","event":"Triggering Dag Run.","trigger_dag_id":"child_dag","logger":"task"}
{"timestamp":"2025-08-06T11:31:55.094287","level":"info","event":"Dag Run triggered successfully.","trigger_dag_id":"child_dag","logger":"task"}
{"timestamp":"2025-08-06T11:31:55.097490","level":"info","event":"Waiting for dag run to complete execution in allowed state.","dag_id":"child_dag","run_id":"manual__2022-01-01T00:00:00+00:00","allowed_state":["success","failed"],"logger":"task"}
{"timestamp":"2025-08-06T11:32:00.112406","level":"info","event":"Waiting for dag run to complete execution in allowed state.","dag_id":"child_dag","run_id":"manual__2022-01-01T00:00:00+00:00","allowed_state":["success","failed"],"logger":"task"}
{"timestamp":"2025-08-06T11:32:05.117029","level":"info","event":"Waiting for dag run to complete execution in allowed state.","dag_id":"child_dag","run_id":"manual__2022-01-01T00:00:00+00:00","allowed_state":["success","failed"],"logger":"task"}
{"timestamp":"2025-08-06T11:32:10.133625","level":"info","event":"Waiting for dag run to complete execution in allowed state.","dag_id":"child_dag","run_id":"manual__2022-01-01T00:00:00+00:00","allowed_state":["success","failed"],"logger":"task"}
{"timestamp":"2025-08-06T11:32:15.140131","level":"info","event":"Waiting for dag run to complete execution in allowed state.","dag_id":"child_dag","run_id":"manual__2022-01-01T00:00:00+00:00","allowed_state":["success","failed"],"logger":"task"}
{"timestamp":"2025-08-06T11:32:20.145281","level":"info","event":"Waiting for dag run to complete execution in allowed state.","dag_id":"child_dag","run_id":"manual__2022-01-01T00:00:00+00:00","allowed_state":["success","failed"],"logger":"task"}
{"timestamp":"2025-08-06T11:32:25.155563","level":"info","event":"Waiting for dag run to complete execution in allowed state.","dag_id":"child_dag","run_id":"manual__2022-01-01T00:00:00+00:00","allowed_state":["success","failed"],"logger":"task"}
{"timestamp":"2025-08-06T11:32:30.161333","level":"info","event":"Waiting for dag run to complete execution in allowed state.","dag_id":"child_dag","run_id":"manual__2022-01-01T00:00:00+00:00","allowed_state":["success","failed"],"logger":"task"}
{"timestamp":"2025-08-06T11:32:35.175176","level":"info","event":"Waiting for dag run to complete execution in allowed state.","dag_id":"child_dag","run_id":"manual__2022-01-01T00:00:00+00:00","allowed_state":["success","failed"],"logger":"task"}
{"timestamp":"2025-08-06T11:32:40.182101","level":"info","event":"Waiting for dag run to complete execution in allowed state.","dag_id":"child_dag","run_id":"manual__2022-01-01T00:00:00+00:00","allowed_state":["success","failed"],"logger":"task"}
{"timestamp":"2025-08-06T11:32:45.191871","level":"info","event":"Waiting for dag run to complete execution in allowed state.","dag_id":"child_dag","run_id":"manual__2022-01-01T00:00:00+00:00","allowed_state":["success","failed"],"logger":"task"}
{"timestamp":"2025-08-06T11:32:50.196043","level":"info","event":"Waiting for dag run to complete execution in allowed state.","dag_id":"child_dag","run_id":"manual__2022-01-01T00:00:00+00:00","allowed_state":["success","failed"],"logger":"task"}
{"timestamp":"2025-08-06T11:32:55.210957","level":"info","event":"Waiting for dag run to complete execution in allowed state.","dag_id":"child_dag","run_id":"manual__2022-01-01T00:00:00+00:00","allowed_state":["success","failed"],"logger":"task"}
{"timestamp":"2025-08-06T11:33:00.215161","level":"info","event":"Waiting for dag run to complete execution in allowed state.","dag_id":"child_dag","run_id":"manual__2022-01-01T00:00:00+00:00","allowed_state":["success","failed"],"logger":"task"}
{"timestamp":"2025-08-06T11:33:05.227640","level":"info","event":"Waiting for dag run to complete execution in allowed state.","dag_id":"child_dag","run_id":"manual__2022-01-01T00:00:00+00:00","allowed_state":["success","failed"],"logger":"task"}
{"timestamp":"2025-08-06T11:33:10.232150","level":"info","event":"Waiting for dag run to complete execution in allowed state.","dag_id":"child_dag","run_id":"manual__2022-01-01T00:00:00+00:00","allowed_state":["success","failed"],"logger":"task"}
{"timestamp":"2025-08-06T11:33:15.250025","level":"info","event":"Waiting for dag run to complete execution in allowed state.","dag_id":"child_dag","run_id":"manual__2022-01-01T00:00:00+00:00","allowed_state":["success","failed"],"logger":"task"}
{"timestamp":"2025-08-06T11:33:20.255646","level":"info","event":"Waiting for dag run to complete execution in allowed state.","dag_id":"child_dag","run_id":"manual__2022-01-01T00:00:00+00:00","allowed_state":["success","failed"],"logger":"task"}
{"timestamp":"2025-08-06T11:33:25.263770","level":"info","event":"Waiting for dag run to complete execution in allowed state.","dag_id":"child_dag","run_id":"manual__2022-01-01T00:00:00+00:00","allowed_state":["success","failed"],"logger":"task"}
{"timestamp":"2025-08-06T11:33:30.272247","level":"info","event":"Waiting for dag run to complete execution in allowed state.","dag_id":"child_dag","run_id":"manual__2022-01-01T00:00:00+00:00","allowed_state":["success","failed"],"logger":"task"}
{"timestamp":"2025-08-06T11:33:35.289237","level":"info","event":"Waiting for dag run to complete execution in allowed state.","dag_id":"child_dag","run_id":"manual__2022-01-01T00:00:00+00:00","allowed_state":["success","failed"],"logger":"task"}
{"timestamp":"2025-08-06T11:33:40.293309","level":"info","event":"Waiting for dag run to complete execution in allowed state.","dag_id":"child_dag","run_id":"manual__2022-01-01T00:00:00+00:00","allowed_state":["success","failed"],"logger":"task"}
{"timestamp":"2025-08-06T11:33:45.296720","level":"info","event":"Waiting for dag run to complete execution in allowed state.","dag_id":"child_dag","run_id":"manual__2022-01-01T00:00:00+00:00","allowed_state":["success","failed"],"logger":"task"}
{"timestamp":"2025-08-06T11:33:50.307967","level":"info","event":"Waiting for dag run to complete execution in allowed state.","dag_id":"child_dag","run_id":"manual__2022-01-01T00:00:00+00:00","allowed_state":["success","failed"],"logger":"task"}
{"timestamp":"2025-08-06T11:33:55.318061","level":"info","event":"Waiting for dag run to complete execution in allowed state.","dag_id":"child_dag","run_id":"manual__2022-01-01T00:00:00+00:00","allowed_state":["success","failed"],"logger":"task"}
{"timestamp":"2025-08-06T11:34:00.331955","level":"info","event":"Waiting for dag run to complete execution in allowed state.","dag_id":"child_dag","run_id":"manual__2022-01-01T00:00:00+00:00","allowed_state":["success","failed"],"logger":"task"}
{"timestamp":"2025-08-06T11:34:05.340156","level":"info","event":"Waiting for dag run to complete execution in allowed state.","dag_id":"child_dag","run_id":"manual__2022-01-01T00:00:00+00:00","allowed_state":["success","failed"],"logger":"task"}
{"timestamp":"2025-08-06T11:34:10.351677","level":"info","event":"Waiting for dag run to complete execution in allowed state.","dag_id":"child_dag","run_id":"manual__2022-01-01T00:00:00+00:00","allowed_state":["success","failed"],"logger":"task"}
{"timestamp":"2025-08-06T11:34:15.363525","level":"info","event":"Waiting for dag run to complete execution in allowed state.","dag_id":"child_dag","run_id":"manual__2022-01-01T00:00:00+00:00","allowed_state":["success","failed"],"logger":"task"}
{"timestamp":"2025-08-06T11:34:20.374546","level":"info","event":"Waiting for dag run to complete execution in allowed state.","dag_id":"child_dag","run_id":"manual__2022-01-01T00:00:00+00:00","allowed_state":["success","failed"],"logger":"task"}
{"timestamp":"2025-08-06T11:34:25.378317","level":"info","event":"Waiting for dag run to complete execution in allowed state.","dag_id":"child_dag","run_id":"manual__2022-01-01T00:00:00+00:00","allowed_state":["success","failed"],"logger":"task"}
{"timestamp":"2025-08-06T11:34:30.391636","level":"info","event":"Waiting for dag run to complete execution in allowed state.","dag_id":"child_dag","run_id":"manual__2022-01-01T00:00:00+00:00","allowed_state":["success","failed"],"logger":"task"}
{"timestamp":"2025-08-06T11:34:35.406284","level":"info","event":"Waiting for dag run to complete execution in allowed state.","dag_id":"child_dag","run_id":"manual__2022-01-01T00:00:00+00:00","allowed_state":["success","failed"],"logger":"task"}
{"timestamp":"2025-08-06T11:34:40.411421","level":"info","event":"Waiting for dag run to complete execution in allowed state.","dag_id":"child_dag","run_id":"manual__2022-01-01T00:00:00+00:00","allowed_state":["success","failed"],"logger":"task"}
{"timestamp":"2025-08-06T11:34:45.417237","level":"info","event":"Waiting for dag run to complete execution in allowed state.","dag_id":"child_dag","run_id":"manual__2022-01-01T00:00:00+00:00","allowed_state":["success","failed"],"logger":"task"}
{"timestamp":"2025-08-06T11:34:50.424284","level":"info","event":"Waiting for dag run to complete execution in allowed state.","dag_id":"child_dag","run_id":"manual__2022-01-01T00:00:00+00:00","allowed_state":["success","failed"],"logger":"task"}
{"timestamp":"2025-08-06T11:34:55.431069","level":"info","event":"Waiting for dag run to complete execution in allowed state.","dag_id":"child_dag","run_id":"manual__2022-01-01T00:00:00+00:00","allowed_state":["success","failed"],"logger":"task"}
{"timestamp":"2025-08-06T11:35:00.440947","level":"info","event":"Waiting for dag run to complete execution in allowed state.","dag_id":"child_dag","run_id":"manual__2022-01-01T00:00:00+00:00","allowed_state":["success","failed"],"logger":"task"}
{"timestamp":"2025-08-06T11:35:05.447765","level":"info","event":"Waiting for dag run to complete execution in allowed state.","dag_id":"child_dag","run_id":"manual__2022-01-01T00:00:00+00:00","allowed_state":["success","failed"],"logger":"task"}
{"timestamp":"2025-08-06T11:35:10.451175","level":"info","event":"Waiting for dag run to complete execution in allowed state.","dag_id":"child_dag","run_id":"manual__2022-01-01T00:00:00+00:00","allowed_state":["success","failed"],"logger":"task"}
{"timestamp":"2025-08-06T11:35:15.456215","level":"info","event":"Waiting for dag run to complete execution in allowed state.","dag_id":"child_dag","run_id":"manual__2022-01-01T00:00:00+00:00","allowed_state":["success","failed"],"logger":"task"}
{"timestamp":"2025-08-06T11:35:20.465876","level":"info","event":"Waiting for dag run to complete execution in allowed state.","dag_id":"child_dag","run_id":"manual__2022-01-01T00:00:00+00:00","allowed_state":["success","failed"],"logger":"task"}
{"timestamp":"2025-08-06T11:35:25.470057","level":"info","event":"Waiting for dag run to complete execution in allowed state.","dag_id":"child_dag","run_id":"manual__2022-01-01T00:00:00+00:00","allowed_state":["success","failed"],"logger":"task"}
{"timestamp":"2025-08-06T11:35:30.483928","level":"info","event":"Waiting for dag run to complete execution in allowed state.","dag_id":"child_dag","run_id":"manual__2022-01-01T00:00:00+00:00","allowed_state":["success","failed"],"logger":"task"}
{"timestamp":"2025-08-06T11:35:35.487951","level":"info","event":"Waiting for dag run to complete execution in allowed state.","dag_id":"child_dag","run_id":"manual__2022-01-01T00:00:00+00:00","allowed_state":["success","failed"],"logger":"task"}
{"timestamp":"2025-08-06T11:35:40.502323","level":"info","event":"Waiting for dag run to complete execution in allowed state.","dag_id":"child_dag","run_id":"manual__2022-01-01T00:00:00+00:00","allowed_state":["success","failed"],"logger":"task"}
{"timestamp":"2025-08-06T11:35:45.506577","level":"info","event":"Waiting for dag run to complete execution in allowed state.","dag_id":"child_dag","run_id":"manual__2022-01-01T00:00:00+00:00","allowed_state":["success","failed"],"logger":"task"}
{"timestamp":"2025-08-06T11:35:50.520160","level":"info","event":"Waiting for dag run to complete execution in allowed state.","dag_id":"child_dag","run_id":"manual__2022-01-01T00:00:00+00:00","allowed_state":["success","failed"],"logger":"task"}
{"timestamp":"2025-08-06T11:35:55.525821","level":"info","event":"Waiting for dag run to complete execution in allowed state.","dag_id":"child_dag","run_id":"manual__2022-01-01T00:00:00+00:00","allowed_state":["success","failed"],"logger":"task"}
{"timestamp":"2025-08-06T11:36:00.539265","level":"info","event":"Waiting for dag run to complete execution in allowed state.","dag_id":"child_dag","run_id":"manual__2022-01-01T00:00:00+00:00","allowed_state":["success","failed"],"logger":"task"}
{"timestamp":"2025-08-06T11:36:05.545283","level":"info","event":"Waiting for dag run to complete execution in allowed state.","dag_id":"child_dag","run_id":"manual__2022-01-01T00:00:00+00:00","allowed_state":["success","failed"],"logger":"task"}
{"timestamp":"2025-08-06T11:36:10.564705","level":"info","event":"Waiting for dag run to complete execution in allowed state.","dag_id":"child_dag","run_id":"manual__2022-01-01T00:00:00+00:00","allowed_state":["success","failed"],"logger":"task"}
{"timestamp":"2025-08-06T11:36:15.571199","level":"info","event":"Waiting for dag run to complete execution in allowed state.","dag_id":"child_dag","run_id":"manual__2022-01-01T00:00:00+00:00","allowed_state":["success","failed"],"logger":"task"}
{"timestamp":"2025-08-06T11:36:20.581074","level":"info","event":"Waiting for dag run to complete execution in allowed state.","dag_id":"child_dag","run_id":"manual__2022-01-01T00:00:00+00:00","allowed_state":["success","failed"],"logger":"task"}
{"timestamp":"2025-08-06T11:36:25.590163","level":"info","event":"Waiting for dag run to complete execution in allowed state.","dag_id":"child_dag","run_id":"manual__2022-01-01T00:00:00+00:00","allowed_state":["success","failed"],"logger":"task"}
{"timestamp":"2025-08-06T11:36:30.596938","level":"info","event":"Waiting for dag run to complete execution in allowed state.","dag_id":"child_dag","run_id":"manual__2022-01-01T00:00:00+00:00","allowed_state":["success","failed"],"logger":"task"}
{"timestamp":"2025-08-06T11:36:35.604185","level":"info","event":"Waiting for dag run to complete execution in allowed state.","dag_id":"child_dag","run_id":"manual__2022-01-01T00:00:00+00:00","allowed_state":["success","failed"],"logger":"task"}
{"timestamp":"2025-08-06T11:36:40.615807","level":"info","event":"Waiting for dag run to complete execution in allowed state.","dag_id":"child_dag","run_id":"manual__2022-01-01T00:00:00+00:00","allowed_state":["success","failed"],"logger":"task"}
{"timestamp":"2025-08-06T11:36:45.620205","level":"info","event":"Waiting for dag run to complete execution in allowed state.","dag_id":"child_dag","run_id":"manual__2022-01-01T00:00:00+00:00","allowed_state":["success","failed"],"logger":"task"}
{"timestamp":"2025-08-06T11:36:50.642101","level":"info","event":"Waiting for dag run to complete execution in allowed state.","dag_id":"child_dag","run_id":"manual__2022-01-01T00:00:00+00:00","allowed_state":["success","failed"],"logger":"task"}
{"timestamp":"2025-08-06T11:36:55.652262","level":"info","event":"Waiting for dag run to complete execution in allowed state.","dag_id":"child_dag","run_id":"manual__2022-01-01T00:00:00+00:00","allowed_state":["success","failed"],"logger":"task"}
{"timestamp":"2025-08-06T11:37:00.659588","level":"info","event":"Waiting for dag run to complete execution in allowed state.","dag_id":"child_dag","run_id":"manual__2022-01-01T00:00:00+00:00","allowed_state":["success","failed"],"logger":"task"}
{"timestamp":"2025-08-06T11:37:05.670132","level":"info","event":"Waiting for dag run to complete execution in allowed state.","dag_id":"child_dag","run_id":"manual__2022-01-01T00:00:00+00:00","allowed_state":["success","failed"],"logger":"task"}
{"timestamp":"2025-08-06T11:37:10.681708","level":"info","event":"Waiting for dag run to complete execution in allowed state.","dag_id":"child_dag","run_id":"manual__2022-01-01T00:00:00+00:00","allowed_state":["success","failed"],"logger":"task"}
{"timestamp":"2025-08-06T11:37:15.687982","level":"info","event":"Waiting for dag run to complete execution in allowed state.","dag_id":"child_dag","run_id":"manual__2022-01-01T00:00:00+00:00","allowed_state":["success","failed"],"logger":"task"}
{"timestamp":"2025-08-06T11:37:20.700592","level":"info","event":"Waiting for dag run to complete execution in allowed state.","dag_id":"child_dag","run_id":"manual__2022-01-01T00:00:00+00:00","allowed_state":["success","failed"],"logger":"task"}
{"timestamp":"2025-08-06T11:37:25.704920","level":"info","event":"Waiting for dag run to complete execution in allowed state.","dag_id":"child_dag","run_id":"manual__2022-01-01T00:00:00+00:00","allowed_state":["success","failed"],"logger":"task"}
{"timestamp":"2025-08-06T11:37:30.711685","level":"info","event":"Waiting for dag run to complete execution in allowed state.","dag_id":"child_dag","run_id":"manual__2022-01-01T00:00:00+00:00","allowed_state":["success","failed"],"logger":"task"}
{"timestamp":"2025-08-06T11:37:35.716097","level":"info","event":"Waiting for dag run to complete execution in allowed state.","dag_id":"child_dag","run_id":"manual__2022-01-01T00:00:00+00:00","allowed_state":["success","failed"],"logger":"task"}
{"timestamp":"2025-08-06T11:37:40.721052","level":"info","event":"Waiting for dag run to complete execution in allowed state.","dag_id":"child_dag","run_id":"manual__2022-01-01T00:00:00+00:00","allowed_state":["success","failed"],"logger":"task"}
{"timestamp":"2025-08-06T11:37:45.725446","level":"info","event":"Waiting for dag run to complete execution in allowed state.","dag_id":"child_dag","run_id":"manual__2022-01-01T00:00:00+00:00","allowed_state":["success","failed"],"logger":"task"}
{"timestamp":"2025-08-06T11:37:50.737282","level":"info","event":"Waiting for dag run to complete execution in allowed state.","dag_id":"child_dag","run_id":"manual__2022-01-01T00:00:00+00:00","allowed_state":["success","failed"],"logger":"task"}
{"timestamp":"2025-08-06T11:37:55.743843","level":"info","event":"Waiting for dag run to complete execution in allowed state.","dag_id":"child_dag","run_id":"manual__2022-01-01T00:00:00+00:00","allowed_state":["success","failed"],"logger":"task"}
{"timestamp":"2025-08-06T11:38:00.749339","level":"info","event":"Waiting for dag run to complete execution in allowed state.","dag_id":"child_dag","run_id":"manual__2022-01-01T00:00:00+00:00","allowed_state":["success","failed"],"logger":"task"}
{"timestamp":"2025-08-06T11:38:05.755860","level":"info","event":"Waiting for dag run to complete execution in allowed state.","dag_id":"child_dag","run_id":"manual__2022-01-01T00:00:00+00:00","allowed_state":["success","failed"],"logger":"task"}
{"timestamp":"2025-08-06T11:38:10.765934","level":"info","event":"Waiting for dag run to complete execution in allowed state.","dag_id":"child_dag","run_id":"manual__2022-01-01T00:00:00+00:00","allowed_state":["success","failed"],"logger":"task"}
{"timestamp":"2025-08-06T11:38:15.770855","level":"info","event":"Waiting for dag run to complete execution in allowed state.","dag_id":"child_dag","run_id":"manual__2022-01-01T00:00:00+00:00","allowed_state":["success","failed"],"logger":"task"}
{"timestamp":"2025-08-06T11:38:20.775821","level":"info","event":"Waiting for dag run to complete execution in allowed state.","dag_id":"child_dag","run_id":"manual__2022-01-01T00:00:00+00:00","allowed_state":["success","failed"],"logger":"task"}
{"timestamp":"2025-08-06T11:38:25.782661","level":"info","event":"Waiting for dag run to complete execution in allowed state.","dag_id":"child_dag","run_id":"manual__2022-01-01T00:00:00+00:00","allowed_state":["success","failed"],"logger":"task"}
{"timestamp":"2025-08-06T11:38:30.789087","level":"info","event":"Waiting for dag run to complete execution in allowed state.","dag_id":"child_dag","run_id":"manual__2022-01-01T00:00:00+00:00","allowed_state":["success","failed"],"logger":"task"}
{"timestamp":"2025-08-06T11:38:35.792911","level":"info","event":"Waiting for dag run to complete execution in allowed state.","dag_id":"child_dag","run_id":"manual__2022-01-01T00:00:00+00:00","allowed_state":["success","failed"],"logger":"task"}
{"timestamp":"2025-08-06T11:38:40.802020","level":"info","event":"Waiting for dag run to complete execution in allowed state.","dag_id":"child_dag","run_id":"manual__2022-01-01T00:00:00+00:00","allowed_state":["success","failed"],"logger":"task"}
{"timestamp":"2025-08-06T11:38:45.808016","level":"info","event":"Waiting for dag run to complete execution in allowed state.","dag_id":"child_dag","run_id":"manual__2022-01-01T00:00:00+00:00","allowed_state":["success","failed"],"logger":"task"}
{"timestamp":"2025-08-06T11:38:50.822380","level":"info","event":"Waiting for dag run to complete execution in allowed state.","dag_id":"child_dag","run_id":"manual__2022-01-01T00:00:00+00:00","allowed_state":["success","failed"],"logger":"task"}
{"timestamp":"2025-08-06T11:38:55.830158","level":"info","event":"Waiting for dag run to complete execution in allowed state.","dag_id":"child_dag","run_id":"manual__2022-01-01T00:00:00+00:00","allowed_state":["success","failed"],"logger":"task"}
{"timestamp":"2025-08-06T11:39:00.841842","level":"info","event":"Waiting for dag run to complete execution in allowed state.","dag_id":"child_dag","run_id":"manual__2022-01-01T00:00:00+00:00","allowed_state":["success","failed"],"logger":"task"}
{"timestamp":"2025-08-06T11:39:05.847384","level":"info","event":"Waiting for dag run to complete execution in allowed state.","dag_id":"child_dag","run_id":"manual__2022-01-01T00:00:00+00:00","allowed_state":["success","failed"],"logger":"task"}
{"timestamp":"2025-08-06T11:39:10.861856","level":"info","event":"Waiting for dag run to complete execution in allowed state.","dag_id":"child_dag","run_id":"manual__2022-01-01T00:00:00+00:00","allowed_state":["success","failed"],"logger":"task"}
{"timestamp":"2025-08-06T11:39:15.866841","level":"info","event":"Waiting for dag run to complete execution in allowed state.","dag_id":"child_dag","run_id":"manual__2022-01-01T00:00:00+00:00","allowed_state":["success","failed"],"logger":"task"}
{"timestamp":"2025-08-06T11:39:20.892266","level":"info","event":"Waiting for dag run to complete execution in allowed state.","dag_id":"child_dag","run_id":"manual__2022-01-01T00:00:00+00:00","allowed_state":["success","failed"],"logger":"task"}
{"timestamp":"2025-08-06T11:39:25.896358","level":"info","event":"Waiting for dag run to complete execution in allowed state.","dag_id":"child_dag","run_id":"manual__2022-01-01T00:00:00+00:00","allowed_state":["success","failed"],"logger":"task"}
{"timestamp":"2025-08-06T11:39:30.909690","level":"info","event":"Waiting for dag run to complete execution in allowed state.","dag_id":"child_dag","run_id":"manual__2022-01-01T00:00:00+00:00","allowed_state":["success","failed"],"logger":"task"}
{"timestamp":"2025-08-06T11:39:35.913767","level":"info","event":"Waiting for dag run to complete execution in allowed state.","dag_id":"child_dag","run_id":"manual__2022-01-01T00:00:00+00:00","allowed_state":["success","failed"],"logger":"task"}
{"timestamp":"2025-08-06T11:39:40.929147","level":"info","event":"Waiting for dag run to complete execution in allowed state.","dag_id":"child_dag","run_id":"manual__2022-01-01T00:00:00+00:00","allowed_state":["success","failed"],"logger":"task"}
{"timestamp":"2025-08-06T11:39:45.935300","level":"info","event":"Waiting for dag run to complete execution in allowed state.","dag_id":"child_dag","run_id":"manual__2022-01-01T00:00:00+00:00","allowed_state":["success","failed"],"logger":"task"}
{"timestamp":"2025-08-06T11:39:50.940312","level":"info","event":"Waiting for dag run to complete execution in allowed state.","dag_id":"child_dag","run_id":"manual__2022-01-01T00:00:00+00:00","allowed_state":["success","failed"],"logger":"task"}
{"timestamp":"2025-08-06T11:39:55.949493","level":"info","event":"Waiting for dag run to complete execution in allowed state.","dag_id":"child_dag","run_id":"manual__2022-01-01T00:00:00+00:00","allowed_state":["success","failed"],"logger":"task"}
{"timestamp":"2025-08-06T11:40:00.963317","level":"info","event":"Waiting for dag run to complete execution in allowed state.","dag_id":"child_dag","run_id":"manual__2022-01-01T00:00:00+00:00","allowed_state":["success","failed"],"logger":"task"}
{"timestamp":"2025-08-06T11:40:05.974613","level":"info","event":"Waiting for dag run to complete execution in allowed state.","dag_id":"child_dag","run_id":"manual__2022-01-01T00:00:00+00:00","allowed_state":["success","failed"],"logger":"task"}
{"timestamp":"2025-08-06T11:40:10.978448","level":"info","event":"Waiting for dag run to complete execution in allowed state.","dag_id":"child_dag","run_id":"manual__2022-01-01T00:00:00+00:00","allowed_state":["success","failed"],"logger":"task"}
{"timestamp":"2025-08-06T11:40:15.993433","level":"info","event":"Waiting for dag run to complete execution in allowed state.","dag_id":"child_dag","run_id":"manual__2022-01-01T00:00:00+00:00","allowed_state":["success","failed"],"logger":"task"}
{"timestamp":"2025-08-06T11:40:20.999257","level":"info","event":"Waiting for dag run to complete execution in allowed state.","dag_id":"child_dag","run_id":"manual__2022-01-01T00:00:00+00:00","allowed_state":["success","failed"],"logger":"task"}
{"timestamp":"2025-08-06T11:40:26.003888","level":"info","event":"Waiting for dag run to complete execution in allowed state.","dag_id":"child_dag","run_id":"manual__2022-01-01T00:00:00+00:00","allowed_state":["success","failed"],"logger":"task"}
{"timestamp":"2025-08-06T11:40:31.017254","level":"info","event":"Waiting for dag run to complete execution in allowed state.","dag_id":"child_dag","run_id":"manual__2022-01-01T00:00:00+00:00","allowed_state":["success","failed"],"logger":"task"}
{"timestamp":"2025-08-06T11:40:36.036058","level":"info","event":"Waiting for dag run to complete execution in allowed state.","dag_id":"child_dag","run_id":"manual__2022-01-01T00:00:00+00:00","allowed_state":["success","failed"],"logger":"task"}
{"timestamp":"2025-08-06T11:40:41.041133","level":"info","event":"Waiting for dag run to complete execution in allowed state.","dag_id":"child_dag","run_id":"manual__2022-01-01T00:00:00+00:00","allowed_state":["success","failed"],"logger":"task"}
{"timestamp":"2025-08-06T11:40:46.056801","level":"info","event":"Waiting for dag run to complete execution in allowed state.","dag_id":"child_dag","run_id":"manual__2022-01-01T00:00:00+00:00","allowed_state":["success","failed"],"logger":"task"}
{"timestamp":"2025-08-06T11:40:51.061158","level":"info","event":"Waiting for dag run to complete execution in allowed state.","dag_id":"child_dag","run_id":"manual__2022-01-01T00:00:00+00:00","allowed_state":["success","failed"],"logger":"task"}
{"timestamp":"2025-08-06T11:40:56.079768","level":"info","event":"Waiting for dag run to complete execution in allowed state.","dag_id":"child_dag","run_id":"manual__2022-01-01T00:00:00+00:00","allowed_state":["success","failed"],"logger":"task"}
{"timestamp":"2025-08-06T11:41:01.096308","level":"info","event":"Waiting for dag run to complete execution in allowed state.","dag_id":"child_dag","run_id":"manual__2022-01-01T00:00:00+00:00","allowed_state":["success","failed"],"logger":"task"}
{"timestamp":"2025-08-06T11:41:06.112138","level":"info","event":"Waiting for dag run to complete execution in allowed state.","dag_id":"child_dag","run_id":"manual__2022-01-01T00:00:00+00:00","allowed_state":["success","failed"],"logger":"task"}
{"timestamp":"2025-08-06T11:41:11.126644","level":"info","event":"Waiting for dag run to complete execution in allowed state.","dag_id":"child_dag","run_id":"manual__2022-01-01T00:00:00+00:00","allowed_state":["success","failed"],"logger":"task"}
{"timestamp":"2025-08-06T11:41:16.138945","level":"info","event":"Waiting for dag run to complete execution in allowed state.","dag_id":"child_dag","run_id":"manual__2022-01-01T00:00:00+00:00","allowed_state":["success","failed"],"logger":"task"}
{"timestamp":"2025-08-06T11:41:21.145838","level":"info","event":"Waiting for dag run to complete execution in allowed state.","dag_id":"child_dag","run_id":"manual__2022-01-01T00:00:00+00:00","allowed_state":["success","failed"],"logger":"task"}
{"timestamp":"2025-08-06T11:41:26.150282","level":"info","event":"Waiting for dag run to complete execution in allowed state.","dag_id":"child_dag","run_id":"manual__2022-01-01T00:00:00+00:00","allowed_state":["success","failed"],"logger":"task"}
{"timestamp":"2025-08-06T11:41:31.165980","level":"info","event":"Waiting for dag run to complete execution in allowed state.","dag_id":"child_dag","run_id":"manual__2022-01-01T00:00:00+00:00","allowed_state":["success","failed"],"logger":"task"}
{"timestamp":"2025-08-06T11:41:36.171843","level":"info","event":"Waiting for dag run to complete execution in allowed state.","dag_id":"child_dag","run_id":"manual__2022-01-01T00:00:00+00:00","allowed_state":["success","failed"],"logger":"task"}
{"timestamp":"2025-08-06T11:41:41.185795","level":"info","event":"Waiting for dag run to complete execution in allowed state.","dag_id":"child_dag","run_id":"manual__2022-01-01T00:00:00+00:00","allowed_state":["success","failed"],"logger":"task"}
{"timestamp":"2025-08-06T11:41:46.198694","level":"info","event":"Waiting for dag run to complete execution in allowed state.","dag_id":"child_dag","run_id":"manual__2022-01-01T00:00:00+00:00","allowed_state":["success","failed"],"logger":"task"}
{"timestamp":"2025-08-06T11:41:51.205000","level":"info","event":"Waiting for dag run to complete execution in allowed state.","dag_id":"child_dag","run_id":"manual__2022-01-01T00:00:00+00:00","allowed_state":["success","failed"],"logger":"task"}
{"timestamp":"2025-08-06T11:41:56.212773","level":"info","event":"Waiting for dag run to complete execution in allowed state.","dag_id":"child_dag","run_id":"manual__2022-01-01T00:00:00+00:00","allowed_state":["success","failed"],"logger":"task"}
{"timestamp":"2025-08-06T11:42:01.219164","level":"info","event":"Waiting for dag run to complete execution in allowed state.","dag_id":"child_dag","run_id":"manual__2022-01-01T00:00:00+00:00","allowed_state":["success","failed"],"logger":"task"}
{"timestamp":"2025-08-06T11:42:06.225048","level":"info","event":"Waiting for dag run to complete execution in allowed state.","dag_id":"child_dag","run_id":"manual__2022-01-01T00:00:00+00:00","allowed_state":["success","failed"],"logger":"task"}
{"timestamp":"2025-08-06T11:42:11.229519","level":"info","event":"Waiting for dag run to complete execution in allowed state.","dag_id":"child_dag","run_id":"manual__2022-01-01T00:00:00+00:00","allowed_state":["success","failed"],"logger":"task"}
{"timestamp":"2025-08-06T11:42:16.233824","level":"info","event":"Waiting for dag run to complete execution in allowed state.","dag_id":"child_dag","run_id":"manual__2022-01-01T00:00:00+00:00","allowed_state":["success","failed"],"logger":"task"}
{"timestamp":"2025-08-06T11:42:21.239341","level":"info","event":"Waiting for dag run to complete execution in allowed state.","dag_id":"child_dag","run_id":"manual__2022-01-01T00:00:00+00:00","allowed_state":["success","failed"],"logger":"task"}
{"timestamp":"2025-08-06T11:42:26.255892","level":"info","event":"Waiting for dag run to complete execution in allowed state.","dag_id":"child_dag","run_id":"manual__2022-01-01T00:00:00+00:00","allowed_state":["success","failed"],"logger":"task"}
{"timestamp":"2025-08-06T11:42:31.263107","level":"info","event":"Waiting for dag run to complete execution in allowed state.","dag_id":"child_dag","run_id":"manual__2022-01-01T00:00:00+00:00","allowed_state":["success","failed"],"logger":"task"}
{"timestamp":"2025-08-06T11:42:36.274544","level":"info","event":"Waiting for dag run to complete execution in allowed state.","dag_id":"child_dag","run_id":"manual__2022-01-01T00:00:00+00:00","allowed_state":["success","failed"],"logger":"task"}
{"timestamp":"2025-08-06T11:42:41.292650","level":"info","event":"Waiting for dag run to complete execution in allowed state.","dag_id":"child_dag","run_id":"manual__2022-01-01T00:00:00+00:00","allowed_state":["success","failed"],"logger":"task"}
{"timestamp":"2025-08-06T11:42:46.306778","level":"info","event":"Waiting for dag run to complete execution in allowed state.","dag_id":"child_dag","run_id":"manual__2022-01-01T00:00:00+00:00","allowed_state":["success","failed"],"logger":"task"}
{"timestamp":"2025-08-06T11:42:51.315412","level":"info","event":"Waiting for dag run to complete execution in allowed state.","dag_id":"child_dag","run_id":"manual__2022-01-01T00:00:00+00:00","allowed_state":["success","failed"],"logger":"task"}
{"timestamp":"2025-08-06T11:42:56.330565","level":"info","event":"Waiting for dag run to complete execution in allowed state.","dag_id":"child_dag","run_id":"manual__2022-01-01T00:00:00+00:00","allowed_state":["success","failed"],"logger":"task"}
{"timestamp":"2025-08-06T11:43:01.344497","level":"info","event":"Waiting for dag run to complete execution in allowed state.","dag_id":"child_dag","run_id":"manual__2022-01-01T00:00:00+00:00","allowed_state":["success","failed"],"logger":"task"}
{"timestamp":"2025-08-06T11:43:06.358798","level":"info","event":"Waiting for dag run to complete execution in allowed state.","dag_id":"child_dag","run_id":"manual__2022-01-01T00:00:00+00:00","allowed_state":["success","failed"],"logger":"task"}
{"timestamp":"2025-08-06T11:43:11.373068","level":"info","event":"Waiting for dag run to complete execution in allowed state.","dag_id":"child_dag","run_id":"manual__2022-01-01T00:00:00+00:00","allowed_state":["success","failed"],"logger":"task"}
{"timestamp":"2025-08-06T11:43:16.377927","level":"info","event":"Waiting for dag run to complete execution in allowed state.","dag_id":"child_dag","run_id":"manual__2022-01-01T00:00:00+00:00","allowed_state":["success","failed"],"logger":"task"}
{"timestamp":"2025-08-06T11:43:21.384973","level":"info","event":"Waiting for dag run to complete execution in allowed state.","dag_id":"child_dag","run_id":"manual__2022-01-01T00:00:00+00:00","allowed_state":["success","failed"],"logger":"task"}
{"timestamp":"2025-08-06T11:43:26.391124","level":"info","event":"Waiting for dag run to complete execution in allowed state.","dag_id":"child_dag","run_id":"manual__2022-01-01T00:00:00+00:00","allowed_state":["success","failed"],"logger":"task"}
{"timestamp":"2025-08-06T11:43:31.404112","level":"info","event":"Waiting for dag run to complete execution in allowed state.","dag_id":"child_dag","run_id":"manual__2022-01-01T00:00:00+00:00","allowed_state":["success","failed"],"logger":"task"}
{"timestamp":"2025-08-06T11:43:36.414282","level":"info","event":"Waiting for dag run to complete execution in allowed state.","dag_id":"child_dag","run_id":"manual__2022-01-01T00:00:00+00:00","allowed_state":["success","failed"],"logger":"task"}
{"timestamp":"2025-08-06T11:43:41.419020","level":"info","event":"Waiting for dag run to complete execution in allowed state.","dag_id":"child_dag","run_id":"manual__2022-01-01T00:00:00+00:00","allowed_state":["success","failed"],"logger":"task"}
{"timestamp":"2025-08-06T11:43:46.432010","level":"info","event":"Waiting for dag run to complete execution in allowed state.","dag_id":"child_dag","run_id":"manual__2022-01-01T00:00:00+00:00","allowed_state":["success","failed"],"logger":"task"}
{"timestamp":"2025-08-06T11:43:51.437138","level":"info","event":"Waiting for dag run to complete execution in allowed state.","dag_id":"child_dag","run_id":"manual__2022-01-01T00:00:00+00:00","allowed_state":["success","failed"],"logger":"task"}
{"timestamp":"2025-08-06T11:43:56.441502","level":"info","event":"Waiting for dag run to complete execution in allowed state.","dag_id":"child_dag","run_id":"manual__2022-01-01T00:00:00+00:00","allowed_state":["success","failed"],"logger":"task"}
{"timestamp":"2025-08-06T11:44:01.446347","level":"info","event":"Waiting for dag run to complete execution in allowed state.","dag_id":"child_dag","run_id":"manual__2022-01-01T00:00:00+00:00","allowed_state":["success","failed"],"logger":"task"}
{"timestamp":"2025-08-06T11:44:06.456828","level":"info","event":"Waiting for dag run to complete execution in allowed state.","dag_id":"child_dag","run_id":"manual__2022-01-01T00:00:00+00:00","allowed_state":["success","failed"],"logger":"task"}
{"timestamp":"2025-08-06T11:44:11.462991","level":"info","event":"Waiting for dag run to complete execution in allowed state.","dag_id":"child_dag","run_id":"manual__2022-01-01T00:00:00+00:00","allowed_state":["success","failed"],"logger":"task"}
{"timestamp":"2025-08-06T11:44:16.478114","level":"info","event":"Waiting for dag run to complete execution in allowed state.","dag_id":"child_dag","run_id":"manual__2022-01-01T00:00:00+00:00","allowed_state":["success","failed"],"logger":"task"}
{"timestamp":"2025-08-06T11:44:21.484641","level":"info","event":"Waiting for dag run to complete execution in allowed state.","dag_id":"child_dag","run_id":"manual__2022-01-01T00:00:00+00:00","allowed_state":["success","failed"],"logger":"task"}
{"timestamp":"2025-08-06T11:44:26.497868","level":"info","event":"Waiting for dag run to complete execution in allowed state.","dag_id":"child_dag","run_id":"manual__2022-01-01T00:00:00+00:00","allowed_state":["success","failed"],"logger":"task"}
{"timestamp":"2025-08-06T11:44:31.502714","level":"info","event":"Waiting for dag run to complete execution in allowed state.","dag_id":"child_dag","run_id":"manual__2022-01-01T00:00:00+00:00","allowed_state":["success","failed"],"logger":"task"}
{"timestamp":"2025-08-06T11:44:36.510343","level":"info","event":"Waiting for dag run to complete execution in allowed state.","dag_id":"child_dag","run_id":"manual__2022-01-01T00:00:00+00:00","allowed_state":["success","failed"],"logger":"task"}
{"timestamp":"2025-08-06T11:44:41.516371","level":"info","event":"Waiting for dag run to complete execution in allowed state.","dag_id":"child_dag","run_id":"manual__2022-01-01T00:00:00+00:00","allowed_state":["success","failed"],"logger":"task"}
{"timestamp":"2025-08-06T11:44:46.530877","level":"info","event":"Waiting for dag run to complete execution in allowed state.","dag_id":"child_dag","run_id":"manual__2022-01-01T00:00:00+00:00","allowed_state":["success","failed"],"logger":"task"}
{"timestamp":"2025-08-06T11:44:51.540882","level":"info","event":"Waiting for dag run to complete execution in allowed state.","dag_id":"child_dag","run_id":"manual__2022-01-01T00:00:00+00:00","allowed_state":["success","failed"],"logger":"task"}
{"timestamp":"2025-08-06T11:44:56.544395","level":"info","event":"Waiting for dag run to complete execution in allowed state.","dag_id":"child_dag","run_id":"manual__2022-01-01T00:00:00+00:00","allowed_state":["success","failed"],"logger":"task"}
{"timestamp":"2025-08-06T11:45:01.556187","level":"info","event":"Waiting for dag run to complete execution in allowed state.","dag_id":"child_dag","run_id":"manual__2022-01-01T00:00:00+00:00","allowed_state":["success","failed"],"logger":"task"}
{"timestamp":"2025-08-06T11:45:06.567127","level":"info","event":"Waiting for dag run to complete execution in allowed state.","dag_id":"child_dag","run_id":"manual__2022-01-01T00:00:00+00:00","allowed_state":["success","failed"],"logger":"task"}
{"timestamp":"2025-08-06T11:45:11.576189","level":"info","event":"Waiting for dag run to complete execution in allowed state.","dag_id":"child_dag","run_id":"manual__2022-01-01T00:00:00+00:00","allowed_state":["success","failed"],"logger":"task"}
{"timestamp":"2025-08-06T11:45:16.580601","level":"info","event":"Waiting for dag run to complete execution in allowed state.","dag_id":"child_dag","run_id":"manual__2022-01-01T00:00:00+00:00","allowed_state":["success","failed"],"logger":"task"}
{"timestamp":"2025-08-06T11:45:21.587609","level":"info","event":"Waiting for dag run to complete execution in allowed state.","dag_id":"child_dag","run_id":"manual__2022-01-01T00:00:00+00:00","allowed_state":["success","failed"],"logger":"task"}
{"timestamp":"2025-08-06T11:45:26.602090","level":"info","event":"Waiting for dag run to complete execution in allowed state.","dag_id":"child_dag","run_id":"manual__2022-01-01T00:00:00+00:00","allowed_state":["success","failed"],"logger":"task"}
{"timestamp":"2025-08-06T11:45:31.606428","level":"info","event":"Waiting for dag run to complete execution in allowed state.","dag_id":"child_dag","run_id":"manual__2022-01-01T00:00:00+00:00","allowed_state":["success","failed"],"logger":"task"}
{"timestamp":"2025-08-06T11:45:36.618021","level":"info","event":"Waiting for dag run to complete execution in allowed state.","dag_id":"child_dag","run_id":"manual__2022-01-01T00:00:00+00:00","allowed_state":["success","failed"],"logger":"task"}
{"timestamp":"2025-08-06T11:45:41.622115","level":"info","event":"Waiting for dag run to complete execution in allowed state.","dag_id":"child_dag","run_id":"manual__2022-01-01T00:00:00+00:00","allowed_state":["success","failed"],"logger":"task"}
{"timestamp":"2025-08-06T11:45:46.634958","level":"info","event":"Waiting for dag run to complete execution in allowed state.","dag_id":"child_dag","run_id":"manual__2022-01-01T00:00:00+00:00","allowed_state":["success","failed"],"logger":"task"}
{"timestamp":"2025-08-06T11:45:51.646962","level":"info","event":"Waiting for dag run to complete execution in allowed state.","dag_id":"child_dag","run_id":"manual__2022-01-01T00:00:00+00:00","allowed_state":["success","failed"],"logger":"task"}
{"timestamp":"2025-08-06T11:45:56.653209","level":"info","event":"Waiting for dag run to complete execution in allowed state.","dag_id":"child_dag","run_id":"manual__2022-01-01T00:00:00+00:00","allowed_state":["success","failed"],"logger":"task"}
{"timestamp":"2025-08-06T11:46:01.665095","level":"info","event":"Waiting for dag run to complete execution in allowed state.","dag_id":"child_dag","run_id":"manual__2022-01-01T00:00:00+00:00","allowed_state":["success","failed"],"logger":"task"}
{"timestamp":"2025-08-06T11:46:06.671192","level":"info","event":"Waiting for dag run to complete execution in allowed state.","dag_id":"child_dag","run_id":"manual__2022-01-01T00:00:00+00:00","allowed_state":["success","failed"],"logger":"task"}
{"timestamp":"2025-08-06T11:46:11.676058","level":"info","event":"Waiting for dag run to complete execution in allowed state.","dag_id":"child_dag","run_id":"manual__2022-01-01T00:00:00+00:00","allowed_state":["success","failed"],"logger":"task"}
{"timestamp":"2025-08-06T11:46:16.683736","level":"info","event":"Waiting for dag run to complete execution in allowed state.","dag_id":"child_dag","run_id":"manual__2022-01-01T00:00:00+00:00","allowed_state":["success","failed"],"logger":"task"}
{"timestamp":"2025-08-06T11:46:21.688221","level":"info","event":"Waiting for dag run to complete execution in allowed state.","dag_id":"child_dag","run_id":"manual__2022-01-01T00:00:00+00:00","allowed_state":["success","failed"],"logger":"task"}
{"timestamp":"2025-08-06T11:46:26.693026","level":"info","event":"Waiting for dag run to complete execution in allowed state.","dag_id":"child_dag","run_id":"manual__2022-01-01T00:00:00+00:00","allowed_state":["success","failed"],"logger":"task"}
{"timestamp":"2025-08-06T11:46:31.697896","level":"info","event":"Waiting for dag run to complete execution in allowed state.","dag_id":"child_dag","run_id":"manual__2022-01-01T00:00:00+00:00","allowed_state":["success","failed"],"logger":"task"}
{"timestamp":"2025-08-06T11:46:36.701648","level":"info","event":"Waiting for dag run to complete execution in allowed state.","dag_id":"child_dag","run_id":"manual__2022-01-01T00:00:00+00:00","allowed_state":["success","failed"],"logger":"task"}
{"timestamp":"2025-08-06T11:46:41.705870","level":"info","event":"Waiting for dag run to complete execution in allowed state.","dag_id":"child_dag","run_id":"manual__2022-01-01T00:00:00+00:00","allowed_state":["success","failed"],"logger":"task"}
{"timestamp":"2025-08-06T11:46:46.711030","level":"info","event":"Waiting for dag run to complete execution in allowed state.","dag_id":"child_dag","run_id":"manual__2022-01-01T00:00:00+00:00","allowed_state":["success","failed"],"logger":"task"}
{"timestamp":"2025-08-06T11:46:51.717705","level":"info","event":"Waiting for dag run to complete execution in allowed state.","dag_id":"child_dag","run_id":"manual__2022-01-01T00:00:00+00:00","allowed_state":["success","failed"],"logger":"task"}
{"timestamp":"2025-08-06T11:46:56.722203","level":"info","event":"Waiting for dag run to complete execution in allowed state.","dag_id":"child_dag","run_id":"manual__2022-01-01T00:00:00+00:00","allowed_state":["success","failed"],"logger":"task"}
{"timestamp":"2025-08-06T11:47:01.726073","level":"info","event":"Waiting for dag run to complete execution in allowed state.","dag_id":"child_dag","run_id":"manual__2022-01-01T00:00:00+00:00","allowed_state":["success","failed"],"logger":"task"}
{"timestamp":"2025-08-06T11:47:06.730747","level":"info","event":"Waiting for dag run to complete execution in allowed state.","dag_id":"child_dag","run_id":"manual__2022-01-01T00:00:00+00:00","allowed_state":["success","failed"],"logger":"task"}
{"timestamp":"2025-08-06T11:47:11.742584","level":"info","event":"Waiting for dag run to complete execution in allowed state.","dag_id":"child_dag","run_id":"manual__2022-01-01T00:00:00+00:00","allowed_state":["success","failed"],"logger":"task"}
{"timestamp":"2025-08-06T11:47:16.747478","level":"info","event":"Waiting for dag run to complete execution in allowed state.","dag_id":"child_dag","run_id":"manual__2022-01-01T00:00:00+00:00","allowed_state":["success","failed"],"logger":"task"}
{"timestamp":"2025-08-06T11:47:21.759992","level":"info","event":"Waiting for dag run to complete execution in allowed state.","dag_id":"child_dag","run_id":"manual__2022-01-01T00:00:00+00:00","allowed_state":["success","failed"],"logger":"task"}
{"timestamp":"2025-08-06T11:47:26.764186","level":"info","event":"Waiting for dag run to complete execution in allowed state.","dag_id":"child_dag","run_id":"manual__2022-01-01T00:00:00+00:00","allowed_state":["success","failed"],"logger":"task"}
{"timestamp":"2025-08-06T11:47:31.774851","level":"info","event":"Waiting for dag run to complete execution in allowed state.","dag_id":"child_dag","run_id":"manual__2022-01-01T00:00:00+00:00","allowed_state":["success","failed"],"logger":"task"}
{"timestamp":"2025-08-06T11:47:36.779243","level":"info","event":"Waiting for dag run to complete execution in allowed state.","dag_id":"child_dag","run_id":"manual__2022-01-01T00:00:00+00:00","allowed_state":["success","failed"],"logger":"task"}
{"timestamp":"2025-08-06T11:47:41.787376","level":"info","event":"Waiting for dag run to complete execution in allowed state.","dag_id":"child_dag","run_id":"manual__2022-01-01T00:00:00+00:00","allowed_state":["success","failed"],"logger":"task"}
{"timestamp":"2025-08-06T11:47:46.792496","level":"info","event":"Waiting for dag run to complete execution in allowed state.","dag_id":"child_dag","run_id":"manual__2022-01-01T00:00:00+00:00","allowed_state":["success","failed"],"logger":"task"}
{"timestamp":"2025-08-06T11:47:51.805895","level":"info","event":"Waiting for dag run to complete execution in allowed state.","dag_id":"child_dag","run_id":"manual__2022-01-01T00:00:00+00:00","allowed_state":["success","failed"],"logger":"task"}
{"timestamp":"2025-08-06T11:47:56.811786","level":"info","event":"Waiting for dag run to complete execution in allowed state.","dag_id":"child_dag","run_id":"manual__2022-01-01T00:00:00+00:00","allowed_state":["success","failed"],"logger":"task"}
{"timestamp":"2025-08-06T11:48:01.825270","level":"info","event":"Waiting for dag run to complete execution in allowed state.","dag_id":"child_dag","run_id":"manual__2022-01-01T00:00:00+00:00","allowed_state":["success","failed"],"logger":"task"}
