{"timestamp":"2025-08-06T12:45:00.918100","level":"info","event":"DAG bundles loaded: dags_2, dags-folder, example_dags","logger":"airflow.dag_processing.bundles.manager.DagBundlesManager"}
{"timestamp":"2025-08-06T12:45:00.918310","level":"info","event":"Filling up the DagBag from /opt/airflow/dags_2/dags_simple_dag.py","logger":"airflow.models.dagbag.DagBag"}
{"timestamp":"2025-08-06T12:45:00.929331Z","level":"info","event":"Task instance is in running state","chan":"stdout","logger":"task"}
{"timestamp":"2025-08-06T12:45:00.929413Z","level":"info","event":" Previous state of the Task instance: TaskInstanceState.QUEUED","chan":"stdout","logger":"task"}
{"timestamp":"2025-08-06T12:45:00.929488Z","level":"info","event":"Current task name:simple_task1","chan":"stdout","logger":"task"}
{"timestamp":"2025-08-06T12:45:00.929553Z","level":"info","event":"Dag name:dags_simple_dag","chan":"stdout","logger":"task"}
{"timestamp":"2025-08-06T12:45:00.929901Z","level":"info","event":"::group::show context variables","chan":"stdout","logger":"task"}
{"timestamp":"2025-08-06T12:45:00.930142Z","level":"info","event":"{'conn': <ConnectionAccessor (dynamic access)>,","chan":"stdout","logger":"task"}
{"timestamp":"2025-08-06T12:45:00.930193Z","level":"info","event":" 'dag': <DAG: dags_simple_dag>,","chan":"stdout","logger":"task"}
{"timestamp":"2025-08-06T12:45:00.930238Z","level":"info","event":" 'dag_run': DagRun(dag_id='dags_simple_dag', run_id='scheduled__2025-08-06T12:45:00+00:00', logical_date=datetime.datetime(2025, 8, 6, 12, 45, tzinfo=datetime.timezone.utc), data_interval_start=datetime.datetime(2025, 8, 6, 12, 45, tzinfo=datetime.timezone.utc), data_interval_end=datetime.datetime(2025, 8, 6, 12, 45, tzinfo=datetime.timezone.utc), run_after=datetime.datetime(2025, 8, 6, 12, 45, tzinfo=datetime.timezone.utc), start_date=datetime.datetime(2025, 8, 6, 12, 45, 0, 734394, tzinfo=datetime.timezone.utc), end_date=None, clear_number=0, run_type=<DagRunType.SCHEDULED: 'scheduled'>, conf={}, consumed_asset_events=[]),","chan":"stdout","logger":"task"}
{"timestamp":"2025-08-06T12:45:00.930276Z","level":"info","event":" 'data_interval_end': DateTime(2025, 8, 6, 12, 45, 0, tzinfo=Timezone('UTC')),","chan":"stdout","logger":"task"}
{"timestamp":"2025-08-06T12:45:00.930311Z","level":"info","event":" 'data_interval_start': DateTime(2025, 8, 6, 12, 45, 0, tzinfo=Timezone('UTC')),","chan":"stdout","logger":"task"}
{"timestamp":"2025-08-06T12:45:00.930354Z","level":"info","event":" 'ds': '2025-08-06',","chan":"stdout","logger":"task"}
{"timestamp":"2025-08-06T12:45:00.930406Z","level":"info","event":" 'ds_nodash': '20250806',","chan":"stdout","logger":"task"}
{"timestamp":"2025-08-06T12:45:00.930443Z","level":"info","event":" 'inlet_events': InletEventsAccessors(_inlets=[], _assets={}, _asset_aliases={}),","chan":"stdout","logger":"task"}
{"timestamp":"2025-08-06T12:45:00.930477Z","level":"info","event":" 'inlets': [],","chan":"stdout","logger":"task"}
{"timestamp":"2025-08-06T12:45:00.930509Z","level":"info","event":" 'logical_date': DateTime(2025, 8, 6, 12, 45, 0, tzinfo=Timezone('UTC')),","chan":"stdout","logger":"task"}
{"timestamp":"2025-08-06T12:45:00.930540Z","level":"info","event":" 'macros': <MacrosAccessor (dynamic access to macros)>,","chan":"stdout","logger":"task"}
{"timestamp":"2025-08-06T12:45:00.930570Z","level":"info","event":" 'map_index_template': None,","chan":"stdout","logger":"task"}
{"timestamp":"2025-08-06T12:45:00.930601Z","level":"info","event":" 'outlet_events': <airflow.sdk.execution_time.context.OutletEventAccessors object at 0xffff68c31190>,","chan":"stdout","logger":"task"}
{"timestamp":"2025-08-06T12:45:00.930631Z","level":"info","event":" 'outlets': [],","chan":"stdout","logger":"task"}
{"timestamp":"2025-08-06T12:45:00.930660Z","level":"info","event":" 'params': {},","chan":"stdout","logger":"task"}
{"timestamp":"2025-08-06T12:45:00.933725Z","level":"info","event":" 'prev_data_interval_end_success': <Proxy at 0xffff62f60b60 with factory <function RuntimeTaskInstance.get_template_context.<locals>.<lambda> at 0xffff62f57a60>>,","chan":"stdout","logger":"task"}
{"timestamp":"2025-08-06T12:45:00.933853Z","level":"info","event":" 'prev_data_interval_start_success': <Proxy at 0xffff62f60890 with factory <function RuntimeTaskInstance.get_template_context.<locals>.<lambda> at 0xffff62f57b00>>,","chan":"stdout","logger":"task"}
{"timestamp":"2025-08-06T12:45:00.933892Z","level":"info","event":" 'prev_end_date_success': <Proxy at 0xffff62f17320 with factory <function RuntimeTaskInstance.get_template_context.<locals>.<lambda> at 0xffff62f57ba0>>,","chan":"stdout","logger":"task"}
{"timestamp":"2025-08-06T12:45:00.933930Z","level":"info","event":" 'prev_start_date_success': <Proxy at 0xffff62f17830 with factory <function RuntimeTaskInstance.get_template_context.<locals>.<lambda> at 0xffff62f4b4c0>>,","chan":"stdout","logger":"task"}
{"timestamp":"2025-08-06T12:45:00.933968Z","level":"info","event":" 'run_id': 'scheduled__2025-08-06T12:45:00+00:00',","chan":"stdout","logger":"task"}
{"timestamp":"2025-08-06T12:45:00.934001Z","level":"info","event":" 'task': <Task(_PythonDecoratedOperator): simple_task1>,","chan":"stdout","logger":"task"}
{"timestamp":"2025-08-06T12:45:00.934035Z","level":"info","event":" 'task_instance': RuntimeTaskInstance(id=UUID('01987f69-dbbe-7a3b-8b7d-6347298b271d'), task_id='simple_task1', dag_id='dags_simple_dag', run_id='scheduled__2025-08-06T12:45:00+00:00', try_number=1, map_index=-1, hostname='042f37798c80', context_carrier={}, task=<Task(_PythonDecoratedOperator): simple_task1>, bundle_instance=LocalDagBundle(name=dags_2), max_tries=0, start_date=datetime.datetime(2025, 8, 6, 12, 45, 0, 764012, tzinfo=datetime.timezone.utc), end_date=None, state=<TaskInstanceState.RUNNING: 'running'>, is_mapped=False, rendered_map_index=None, log_url='http://localhost:8080/dags/dags_simple_dag/runs/scheduled__2025-08-06T12%3A45%3A00%2B00%3A00/tasks/simple_task1?try_number=1'),","chan":"stdout","logger":"task"}
{"timestamp":"2025-08-06T12:45:00.934071Z","level":"info","event":" 'task_instance_key_str': 'dags_simple_dag__simple_task1__20250806',","chan":"stdout","logger":"task"}
{"timestamp":"2025-08-06T12:45:00.934102Z","level":"info","event":" 'task_reschedule_count': 0,","chan":"stdout","logger":"task"}
{"timestamp":"2025-08-06T12:45:00.934133Z","level":"info","event":" 'templates_dict': None,","chan":"stdout","logger":"task"}
{"timestamp":"2025-08-06T12:45:00.934190Z","level":"info","event":" 'ti': RuntimeTaskInstance(id=UUID('01987f69-dbbe-7a3b-8b7d-6347298b271d'), task_id='simple_task1', dag_id='dags_simple_dag', run_id='scheduled__2025-08-06T12:45:00+00:00', try_number=1, map_index=-1, hostname='042f37798c80', context_carrier={}, task=<Task(_PythonDecoratedOperator): simple_task1>, bundle_instance=LocalDagBundle(name=dags_2), max_tries=0, start_date=datetime.datetime(2025, 8, 6, 12, 45, 0, 764012, tzinfo=datetime.timezone.utc), end_date=None, state=<TaskInstanceState.RUNNING: 'running'>, is_mapped=False, rendered_map_index=None, log_url='http://localhost:8080/dags/dags_simple_dag/runs/scheduled__2025-08-06T12%3A45%3A00%2B00%3A00/tasks/simple_task1?try_number=1'),","chan":"stdout","logger":"task"}
{"timestamp":"2025-08-06T12:45:00.934226Z","level":"info","event":" 'triggering_asset_events': TriggeringAssetEventsAccessor(_events=defaultdict(<class 'list'>, {})),","chan":"stdout","logger":"task"}
{"timestamp":"2025-08-06T12:45:00.934259Z","level":"info","event":" 'ts': '2025-08-06T12:45:00+00:00',","chan":"stdout","logger":"task"}
{"timestamp":"2025-08-06T12:45:00.934291Z","level":"info","event":" 'ts_nodash': '20250806T124500',","chan":"stdout","logger":"task"}
{"timestamp":"2025-08-06T12:45:00.934325Z","level":"info","event":" 'ts_nodash_with_tz': '20250806T124500+0000',","chan":"stdout","logger":"task"}
{"timestamp":"2025-08-06T12:45:00.934379Z","level":"info","event":" 'var': {'json': <VariableAccessor (dynamic access)>,","chan":"stdout","logger":"task"}
{"timestamp":"2025-08-06T12:45:00.934434Z","level":"info","event":"         'value': <VariableAccessor (dynamic access)>}}","chan":"stdout","logger":"task"}
{"timestamp":"2025-08-06T12:45:00.934479Z","level":"info","event":"::endgroup::","chan":"stdout","logger":"task"}
{"timestamp":"2025-08-06T12:45:00.934048","level":"info","event":"Done. Returned value was: None","logger":"airflow.task.operators.airflow.providers.standard.decorators.python._PythonDecoratedOperator"}
{"timestamp":"2025-08-06T12:45:00.939067Z","level":"info","event":"Task instance in success state","chan":"stdout","logger":"task"}
{"timestamp":"2025-08-06T12:45:00.939132Z","level":"info","event":" Previous state of the Task instance: TaskInstanceState.RUNNING","chan":"stdout","logger":"task"}
{"timestamp":"2025-08-06T12:45:00.939215Z","level":"info","event":"Task operator:<Task(_PythonDecoratedOperator): simple_task1>","chan":"stdout","logger":"task"}
